<?xml version="1.0" encoding="UTF-8"?>
<!-- Generated by org.testng.reporters.JUnitXMLReporter -->
<testsuite hostname="Ravi-PC" name="Default test" tests="3" failures="0" timestamp="15 Nov 2019 09:59:12 GMT" time="0.104" errors="0">
  <testcase name="abalidatecustomerTest" time="0.039" classname="com.Framework.moven_moduleTest.CreateTest"/>
  <testcase name="avalidatecustomerTest" time="0.002" classname="com.Framework.moven_moduleTest.CreateTest"/>
  <testcase name="avalidatecustomeraTest" time="0.003" classname="com.Framework.moven_moduleTest.CreateTest"/>
</testsuite> <!-- Default test -->
