<?xml version="1.0" encoding="UTF-8"?>
<!-- Generated by org.testng.reporters.JUnitXMLReporter -->
<testsuite hostname="Ravi-PC" name="Test" tests="9" failures="0" timestamp="29 Jul 2019 11:53:46 GMT" time="0.094" errors="0">
  <testcase name="MyNameTest" time="0.016" classname="com.Framework.moven_moduleTest.UserNameTest"/>
  <testcase name="abalidatecustomerTest" time="0.0" classname="com.Framework.moven_moduleTest.CreateTest"/>
  <testcase name="my1Test" time="0.0" classname="com.Framework.moven_moduleTest.MyTest"/>
  <testcase name="my2Test" time="0.0" classname="com.Framework.moven_moduleTest.MyTest"/>
  <testcase name="my3Test" time="0.0" classname="com.Framework.moven_moduleTest.MyTest"/>
  <testcase name="SecondTest" time="0.0" classname="com.Framework.moven_moduleTest.NewClassTest"/>
  <testcase name="firstTest" time="0.0" classname="com.Framework.moven_moduleTest.NewClassTest"/>
  <testcase name="avalidatecustomerTest" time="0.0" classname="com.Framework.moven_moduleTest.CreateTest"/>
  <testcase name="avalidatecustomeraTest" time="0.0" classname="com.Framework.moven_moduleTest.CreateTest"/>
</testsuite> <!-- Test -->
