<?xml version="1.0" encoding="UTF-8"?>
<!-- Generated by org.testng.reporters.JUnitXMLReporter -->
<testsuite hostname="Ravi-PC" name="Test" tests="3" failures="0" timestamp="29 Jul 2019 08:40:38 GMT" time="0.11" errors="0">
  <testcase name="abalidatecustomerTest" time="0.031" classname="com.Framework.moven_moduleTest.CreateTest"/>
  <testcase name="avalidatecustomerTest" time="0.016" classname="com.Framework.moven_moduleTest.CreateTest"/>
  <testcase name="avalidatecustomeraTest" time="0.0" classname="com.Framework.moven_moduleTest.CreateTest"/>
</testsuite> <!-- Test -->
